<?xml version="1.0" encoding="UTF-8"?>
<!-- Generated by org.testng.reporters.JUnitReportReporter -->
<testsuite hostname="MC0Y6RJC" name="com.testCases.VerifyLoginPageWithReports1" tests="1" failures="0" timestamp="9 Jul 2018 07:38:08 GMT" time="23.296" errors="0">
  <testcase name="testLoginPage" time="23.296" classname="com.testCases.VerifyLoginPageWithReports1"/>
</testsuite> <!-- com.testCases.VerifyLoginPageWithReports1 -->
