<?xml version="1.0" encoding="UTF-8"?>
<!-- Generated by org.testng.reporters.JUnitReportReporter -->
<testsuite hostname="MC0Y6RJC" name="com.testCases.VerifyHomePage" tests="1" failures="0" timestamp="9 Jul 2018 07:38:08 GMT" time="11.826" errors="0">
  <testcase name="testHomePage" time="11.826" classname="com.testCases.VerifyHomePage"/>
</testsuite> <!-- com.testCases.VerifyHomePage -->
