<?xml version="1.0" encoding="UTF-8"?>
<!-- Generated by org.testng.reporters.JUnitReportReporter -->
<testsuite hostname="MC0Y6RJC" name="com.testCases.VerifyLoginPageWithReports" tests="1" failures="0" timestamp="9 Jul 2018 07:38:08 GMT" time="20.778" errors="0">
  <testcase name="testLoginPage" time="20.778" classname="com.testCases.VerifyLoginPageWithReports"/>
</testsuite> <!-- com.testCases.VerifyLoginPageWithReports -->
